0 info it worked if it ends with ok
1 verbose cli [
1 verbose cli   'C:\\Program Files\\nodejs\\node.exe',
1 verbose cli   'C:\\Program Files\\nodejs\\node_modules\\npm\\bin\\npm-cli.js',
1 verbose cli   'start'
1 verbose cli ]
2 info using npm@6.14.4
3 info using node@v12.16.3
4 verbose run-script [ 'prestart', 'start', 'poststart' ]
5 info lifecycle advice-app@0.1.0~prestart: advice-app@0.1.0
6 info lifecycle advice-app@0.1.0~start: advice-app@0.1.0
7 verbose lifecycle advice-app@0.1.0~start: unsafe-perm in lifecycle true
8 verbose lifecycle advice-app@0.1.0~start: PATH: C:\Program Files\nodejs\node_modules\npm\node_modules\npm-lifecycle\node-gyp-bin;C:\Users\Alex\Desktop\advice-app\node_modules\.bin;C:\WINDOWS\system32;C:\WINDOWS;C:\WINDOWS\System32\Wbem;C:\WINDOWS\System32\WindowsPowerShell\v1.0\;C:\WINDOWS\System32\OpenSSH\;C:\Program Files\Git\cmd;"C:\Program Files\Sublime Text 3;C:\Program Files (x86)\Sublime Text 3";C:\Program Files (x86)\Windows Kits\8.1\Windows Performance Toolkit\;C:\Program Files\nodejs\;C:\Program Files\PostgreSQL\12\bin;C:\Users\Alex\AppData\Roaming\npm;"C:\Users\Alex\AppData\Local\Microsoft\WindowsApps;C:\Program Files (x86)\Sublime Text 3;";C:\Program Files\nodejs\;;C:\Users\Alex\AppData\Local\Programs\Microsoft VS Code\bin
9 verbose lifecycle advice-app@0.1.0~start: CWD: C:\Users\Alex\Desktop\advice-app
10 silly lifecycle advice-app@0.1.0~start: Args: [ '-c', 'react-scripts start' ]
11 info lifecycle advice-app@0.1.0~start: Failed to exec start script
12 verbose stack Error: advice-app@0.1.0 start: `react-scripts start`
12 verbose stack spawn ENOENT
12 verbose stack     at ChildProcess.<anonymous> (C:\Program Files\nodejs\node_modules\npm\node_modules\npm-lifecycle\lib\spawn.js:48:18)
12 verbose stack     at ChildProcess.emit (events.js:310:20)
12 verbose stack     at maybeClose (internal/child_process.js:1021:16)
12 verbose stack     at Process.ChildProcess._handle.onexit (internal/child_process.js:286:5)
13 verbose pkgid advice-app@0.1.0
14 verbose cwd C:\Users\Alex\Desktop\advice-app
15 verbose Windows_NT 10.0.18362
16 verbose argv "C:\\Program Files\\nodejs\\node.exe" "C:\\Program Files\\nodejs\\node_modules\\npm\\bin\\npm-cli.js" "start"
17 verbose node v12.16.3
18 verbose npm  v6.14.4
19 error code ELIFECYCLE
20 error syscall spawn
21 error file C:\Program Files\git\bin\bash.exe
22 error errno ENOENT
23 error advice-app@0.1.0 start: `react-scripts start`
23 error spawn ENOENT
24 error Failed at the advice-app@0.1.0 start script.
24 error This is probably not a problem with npm. There is likely additional logging output above.
25 verbose exit [ 1, true ]
